This is pdfTeX, Version 3.14159265-2.6-1.40.16 (TeX Live 2015/Debian) (preloaded format=pdflatex 2017.5.12)  13 MAY 2017 13:41
entering extended mode
 restricted \write18 enabled.
 %&-line parsing enabled.
**7-Bibliography.tex
(./7-Bibliography.tex
LaTeX2e <2016/02/01>
Babel <3.9q> and hyphenation patterns for 6 language(s) loaded.
\bibdata{Memoria}
No file 7-Bibliography.bbl.
)
! Emergency stop.
<*> 7-Bibliography.tex
                      
*** (job aborted, no legal \end found)

 
Here is how much of TeX's memory you used:
 6 strings out of 494891
 166 string characters out of 6179039
 45848 words of memory out of 5000000
 3398 multiletter control sequences out of 15000+600000
 3640 words of font info for 14 fonts, out of 8000000 for 9000
 40 hyphenation exceptions out of 8191
 5i,0n,3p,46b,8s stack positions out of 5000i,500n,10000p,200000b,80000s
!  ==> Fatal error occurred, no output PDF file produced!
