\BOOKMARK [0][-]{chapter.1}{Framework}{}% 1
\BOOKMARK [1][-]{section.1.1}{JdeRobot}{chapter.1}% 2
\BOOKMARK [2][-]{subsection.1.1.1}{cameraserver}{section.1.1}% 3
\BOOKMARK [1][-]{section.1.2}{MNIST}{chapter.1}% 4
\BOOKMARK [1][-]{section.1.3}{Keras}{chapter.1}% 5
\BOOKMARK [2][-]{subsection.1.3.1}{Models}{section.1.3}% 6
\BOOKMARK [2][-]{subsection.1.3.2}{Layers}{section.1.3}% 7
\BOOKMARK [2][-]{subsection.1.3.3}{Callbacks}{section.1.3}% 8
\BOOKMARK [2][-]{subsection.1.3.4}{Image Preprocessing}{section.1.3}% 9
\BOOKMARK [2][-]{subsection.1.3.5}{Utils}{section.1.3}% 10
\BOOKMARK [1][-]{section.1.4}{HDF5}{chapter.1}% 11
\BOOKMARK [1][-]{section.1.5}{Scikit-learn}{chapter.1}% 12
\BOOKMARK [1][-]{section.1.6}{Octave}{chapter.1}% 13
\BOOKMARK [0][-]{chapter.2}{Development}{}% 14
\BOOKMARK [1][-]{section.2.1}{Digit classifier}{chapter.2}% 15
\BOOKMARK [2][-]{subsection.2.1.1}{Datasets}{section.2.1}% 16
\BOOKMARK [2][-]{subsection.2.1.2}{Classifier}{section.2.1}% 17
\BOOKMARK [2][-]{subsection.2.1.3}{Benchmark}{section.2.1}% 18
\BOOKMARK [2][-]{subsection.2.1.4}{Tuning the classifier}{section.2.1}% 19
\BOOKMARK [2][-]{subsection.2.1.5}{digitclassifier.py}{section.2.1}% 20
