\BOOKMARK [0][-]{chapter.1}{Introduction}{}% 1
\BOOKMARK [1][-]{section.1.1}{Context and motivation}{chapter.1}% 2
\BOOKMARK [1][-]{section.1.2}{Objectives}{chapter.1}% 3
\BOOKMARK [1][-]{section.1.3}{Methodology}{chapter.1}% 4
\BOOKMARK [1][-]{section.1.4}{Project structure}{chapter.1}% 5
\BOOKMARK [0][-]{chapter.2}{Framework}{}% 6
\BOOKMARK [1][-]{section.2.1}{Keras}{chapter.2}% 7
\BOOKMARK [2][-]{subsection.2.1.1}{Models}{section.2.1}% 8
\BOOKMARK [2][-]{subsection.2.1.2}{Layers}{section.2.1}% 9
\BOOKMARK [2][-]{subsection.2.1.3}{Callbacks}{section.2.1}% 10
\BOOKMARK [2][-]{subsection.2.1.4}{Image Preprocessing}{section.2.1}% 11
\BOOKMARK [2][-]{subsection.2.1.5}{Utils}{section.2.1}% 12
\BOOKMARK [1][-]{section.2.2}{JdeRobot}{chapter.2}% 13
\BOOKMARK [1][-]{section.2.3}{DroidCam}{chapter.2}% 14
\BOOKMARK [1][-]{section.2.4}{HDF5}{chapter.2}% 15
\BOOKMARK [1][-]{section.2.5}{Scikit-learn}{chapter.2}% 16
\BOOKMARK [1][-]{section.2.6}{Octave}{chapter.2}% 17
\BOOKMARK [0][-]{chapter.3}{Digit classifier}{}% 18
\BOOKMARK [1][-]{section.3.1}{Understanding the Keras model}{chapter.3}% 19
\BOOKMARK [2][-]{subsection.3.1.1}{Adapting data}{section.3.1}% 20
\BOOKMARK [2][-]{subsection.3.1.2}{Model architecture}{section.3.1}% 21
\BOOKMARK [2][-]{subsection.3.1.3}{Compiling the model}{section.3.1}% 22
\BOOKMARK [2][-]{subsection.3.1.4}{Training the model}{section.3.1}% 23
\BOOKMARK [2][-]{subsection.3.1.5}{Testing the model}{section.3.1}% 24
\BOOKMARK [1][-]{section.3.2}{Component}{chapter.3}% 25
\BOOKMARK [2][-]{subsection.3.2.1}{Camera class}{section.3.2}% 26
\BOOKMARK [2][-]{subsection.3.2.2}{GUI class}{section.3.2}% 27
\BOOKMARK [2][-]{subsection.3.2.3}{Threads}{section.3.2}% 28
\BOOKMARK [2][-]{subsection.3.2.4}{Main program}{section.3.2}% 29
\BOOKMARK [0][-]{chapter.4}{Benchmark}{}% 30
\BOOKMARK [1][-]{section.4.1}{Datasets}{chapter.4}% 31
\BOOKMARK [2][-]{subsection.4.1.1}{Original dataset}{section.4.1}% 32
\BOOKMARK [2][-]{subsection.4.1.2}{Gradient images}{section.4.1}% 33
\BOOKMARK [2][-]{subsection.4.1.3}{Data augmentation}{section.4.1}% 34
\BOOKMARK [1][-]{section.4.2}{Measuring performance}{chapter.4}% 35
\BOOKMARK [2][-]{subsection.4.2.1}{CustomEvaluation class}{section.4.2}% 36
\BOOKMARK [2][-]{subsection.4.2.2}{Octave function}{section.4.2}% 37
\BOOKMARK [1][-]{section.4.3}{Convolutional layers visualization}{chapter.4}% 38
\BOOKMARK [2][-]{subsection.4.3.1}{Filters}{section.4.3}% 39
\BOOKMARK [2][-]{subsection.4.3.2}{Activation maps}{section.4.3}% 40
\BOOKMARK [0][-]{chapter.5}{Evaluation}{}% 41
\BOOKMARK [1][-]{section.5.1}{Convolutional layers visualization}{chapter.5}% 42
\BOOKMARK [2][-]{subsection.5.1.1}{Filters}{section.5.1}% 43
\BOOKMARK [2][-]{subsection.5.1.2}{Activation maps}{section.5.1}% 44
\BOOKMARK [1][-]{section.5.2}{New datasets}{chapter.5}% 45
\BOOKMARK [1][-]{section.5.3}{Regularization methods}{chapter.5}% 46
\BOOKMARK [2][-]{subsection.5.3.1}{Early stopping}{section.5.3}% 47
\BOOKMARK [2][-]{subsection.5.3.2}{Dropout}{section.5.3}% 48
\BOOKMARK [1][-]{section.5.4}{New architectures}{chapter.5}% 49
\BOOKMARK [0][-]{chapter.6}{Conclusions}{}% 50
